<?xml version="1.0" encoding="UTF-8"?>
<!-- Generated by org.testng.reporters.JUnitReportReporter -->
<testsuite skipped="0" hostname="OZL8061W" name="test.PersonalLoan" tests="4" failures="0" timestamp="2023-09-08T15:30:12 IST" time="0.002" errors="0">
  <testcase name="personalLoanWebLogin" time="0.001" classname="test.PersonalLoan"/>
  <system-out/>
  <testcase name="ManagerpersonalLoanAPILogin" time="0.000" classname="test.PersonalLoan"/>
  <system-out/>
  <testcase name="personalLoanAPILogin" time="0.001" classname="test.PersonalLoan"/>
  <system-out/>
  <testcase name="personalLoanMobileAppLogin" time="0.000" classname="test.PersonalLoan"/>
  <system-out/>
</testsuite> <!-- test.PersonalLoan -->
