<?xml version="1.0" encoding="UTF-8"?>
<!-- Generated by org.testng.reporters.JUnitReportReporter -->
<testsuite skipped="0" hostname="OZL8061W" name="test.CarLoan" tests="3" failures="0" timestamp="2023-09-11T12:48:07 IST" time="0.002" errors="0">
  <testcase name="wcarLoanWebLogin" time="0.001" classname="test.CarLoan"/>
  <system-out/>
  <testcase name="carLoanMobileAppLogin" time="0.001" classname="test.CarLoan"/>
  <system-out/>
  <testcase name="acarLoanAPILogin" time="0.000" classname="test.CarLoan"/>
  <system-out/>
</testsuite> <!-- test.CarLoan -->
