<?xml version="1.0" encoding="UTF-8"?>
<!-- Generated by org.testng.reporters.JUnitReportReporter -->
<testsuite skipped="0" hostname="OZL8061W" name="test.HomeLoan" tests="3" failures="0" timestamp="2023-09-11T12:48:07 IST" time="0.000" errors="0">
  <testcase name="homeLoanAPILogin" time="0.000" classname="test.HomeLoan"/>
  <system-out/>
  <testcase name="homeLoanWebLogin" time="0.000" classname="test.HomeLoan"/>
  <system-out/>
  <testcase name="homeLoanMobileAppLogin" time="0.000" classname="test.HomeLoan"/>
  <system-out/>
</testsuite> <!-- test.HomeLoan -->
