<?xml version="1.0" encoding="UTF-8"?>
<!-- Generated by org.testng.reporters.JUnitReportReporter -->
<testsuite skipped="0" hostname="OZL8061W" name="test.PriorityTest" tests="5" failures="0" timestamp="2023-09-08T19:49:43 IST" time="0.009" errors="0">
  <testcase name="yashwant" time="0.006" classname="test.PriorityTest"/>
  <system-out/>
  <testcase name="paramesh" time="0.001" classname="test.PriorityTest"/>
  <system-out/>
  <testcase name="vinod" time="0.001" classname="test.PriorityTest"/>
  <system-out/>
  <testcase name="aditya" time="0.001" classname="test.PriorityTest"/>
  <system-out/>
  <testcase name="santhosh" time="0.000" classname="test.PriorityTest"/>
  <system-out/>
</testsuite> <!-- test.PriorityTest -->
