<?xml version="1.0" encoding="UTF-8"?>
<!-- Generated by org.testng.reporters.JUnitReportReporter -->
<testsuite skipped="0" hostname="OZL8061W" name="test.BasicTestNGTest" tests="2" failures="0" timestamp="2023-09-08T12:21:01 IST" time="0.005" errors="0">
  <testcase name="demo1" time="0.001" classname="test.BasicTestNGTest"/>
  <system-out/>
  <testcase name="demo" time="0.004" classname="test.BasicTestNGTest"/>
  <system-out/>
</testsuite> <!-- test.BasicTestNGTest -->
