<?xml version="1.0" encoding="UTF-8"?>
<!-- Generated by org.testng.reporters.JUnitReportReporter -->
<testsuite skipped="0" hostname="OZL8061W" name="test.User2_PersonalLoan" tests="1" failures="0" timestamp="2023-09-11T12:48:07 IST" time="0.001" errors="0">
  <testcase name="userTwoPersonalLoan" time="0.001" classname="test.User2_PersonalLoan"/>
  <system-out/>
</testsuite> <!-- test.User2_PersonalLoan -->
