<?xml version="1.0" encoding="UTF-8"?>
<!-- Generated by org.testng.reporters.JUnitReportReporter -->
<testsuite skipped="0" hostname="OZL8061W" name="test.DataProviderPractice" tests="3" failures="0" timestamp="2023-09-11T14:54:28 IST" time="0.005" errors="0">
  <testcase name="loginPage" time="0.003" classname="test.DataProviderPractice"/>
  <system-out/>
  <testcase name="loginPage" time="0.001" classname="test.DataProviderPractice"/>
  <system-out/>
  <testcase name="loginPage" time="0.001" classname="test.DataProviderPractice"/>
  <system-out/>
</testsuite> <!-- test.DataProviderPractice -->
