<?xml version="1.0" encoding="UTF-8"?>
<!-- Generated by org.testng.reporters.JUnitReportReporter -->
<testsuite skipped="0" hostname="OZL8061W" name="test.User1_PersonalLoan" tests="1" failures="0" timestamp="2023-09-11T12:48:07 IST" time="0.005" errors="0">
  <testcase name="userOnePersonalLoan" time="0.005" classname="test.User1_PersonalLoan"/>
  <system-out/>
</testsuite> <!-- test.User1_PersonalLoan -->
